nohup: ignoring input
Running on device: cuda
Constructing vocabulary from counts file in data/counts_bnc_full_seqlist_deptree.csv
122920 unique tokens in vocabulary with (with minimum frequency 5)

=================== MODEL PARAMETERS: =================== 

dataset_path:                    data/bnc_full_seqlist_deptree.json
counts_file:                     data/counts_bnc_full_seqlist_deptree.csv
vocab_cutoff:                    5
num_data_save_path:              data/bnc_full_seqlist_deptree_numeric_voc-5.json
embedding_dim:                   768
word_emb_dim:                    300
num_layers:                      1
dec_dropout:                     0
num_epochs:                      3
split_ratios:                    [0.8, 0.1, 0.1]
batch_size:                      1
sort_train_val_data:             True
shuffle_train_val_data:          True
repeat_train_val_iter:           False

=================== / MODEL PARAMETERS: =================== 

W_f size 300x768
U_f size 768x768

 \\\\\\\\\\\\\ 
 TRAINABLE PARAMETERS 
 \\\\\\\\\\\\\ 
 
encoder.word_embedding.weight
	 -> requires grad
encoder.W_iou.weight
	 -> requires grad
encoder.W_iou.bias
	 -> requires grad
encoder.U_iou.weight
	 -> requires grad
encoder.W_f.weight
	 -> requires grad
encoder.W_f.bias
	 -> requires grad
encoder.U_f.weight
	 -> requires grad
decoder.embedding.weight
	 -> requires grad
decoder.rnn.weight_ih_l0
	 -> requires grad
decoder.rnn.weight_hh_l0
	 -> requires grad
decoder.rnn.bias_ih_l0
	 -> requires grad
decoder.rnn.bias_hh_l0
	 -> requires grad
decoder.fc_out.weight
	 -> requires grad
decoder.fc_out.bias
	 -> requires grad
Constructing dataset from data/bnc_full_seqlist_deptree_numeric_voc-5.json
Split sizes: 	 train 3353944 	 test 419243 	 validate 419243

First example train seq: [7231, 16, 2031, 6, 2043, 278, 24, 519, 29, 46, 21556, 25, 4, 1565, 16, 10242, 6, 311, 8, 43554, 181, 3732, 21, 10497, 1488, 18, 634, 138, 376, 6, 133, 278, 976]

First example train tree: {'features': [21556, 2031, 7231, 16, 2043, 6, 278, 24, 519, 29, 46, 25, 10242, 1565, 4, 16, 311, 6, 3732, 8, 43554, 181, 1488, 21, 10497, 634, 18, 376, 138, 133, 6, 976, 278], 'levels': [0, 1, 2, 3, 2, 3, 3, 3, 4, 1, 1, 1, 2, 3, 4, 4, 3, 4, 4, 5, 5, 5, 1, 2, 2, 2, 3, 3, 4, 3, 4, 4, 5], 'node_order': [5, 3, 1, 0, 2, 0, 0, 1, 0, 0, 0, 4, 3, 1, 0, 0, 2, 0, 1, 0, 0, 0, 4, 0, 0, 3, 0, 1, 0, 2, 0, 1, 0], 'adjacency_list': [[0, 1], [1, 2], [2, 3], [1, 4], [4, 5], [4, 6], [4, 7], [7, 8], [0, 9], [0, 10], [0, 11], [11, 12], [12, 13], [13, 14], [13, 15], [12, 16], [16, 17], [16, 18], [18, 19], [18, 20], [18, 21], [0, 22], [22, 23], [22, 24], [22, 25], [25, 26], [25, 27], [27, 28], [25, 29], [29, 30], [29, 31], [31, 32]], 'edge_order': [5, 3, 1, 3, 2, 2, 2, 1, 5, 5, 5, 4, 3, 1, 1, 3, 2, 2, 1, 1, 1, 5, 4, 4, 4, 3, 3, 1, 3, 2, 2, 1]}


 &&&&&&&&&&&&& 
 ############# 
 			 EPOCH ======> 0 
 &&&&&&&&&&&&& 
 ############# 



 Epoch 0 training... 

top1 prediction: e9 18 target: heavens
top1 prediction: oued 16 target: no
top1 prediction: reserves 12 target: <eos>
